#
# A fatal error has been detected by the Java Runtime Environment:
#
#  EXCEPTION_ACCESS_VIOLATION (0xc0000005) at pc=0xffffffffa39f5120, pid=4856, tid=6564
#
# JRE version: Java(TM) SE Runtime Environment (8.0_31-b13) (build 1.8.0_31-b13)
# Java VM: Java HotSpot(TM) 64-Bit Server VM (25.31-b07 mixed mode windows-amd64 compressed oops)
# Problematic frame:
# C  0xffffffffa39f5120
#
# Failed to write core dump. Minidumps are not enabled by default on client versions of Windows
#
# If you would like to submit a bug report, please visit:
#   http://bugreport.java.com/bugreport/crash.jsp
#

---------------  T H R E A D  ---------------

Current thread (0x00000000028f0800):  JavaThread "main" [_thread_in_Java, id=6564, stack(0x00000000027f0000,0x00000000028f0000)]

siginfo: ExceptionCode=0xc0000005, ExceptionInformation=0x0000000000000008 0xffffffffa39f5120

Registers:
RAX=0x00000000149b3030, RBX=0x00000000149b3030, RCX=0x00000000c0106a78, RDX=0x00000000c0106a78
RSP=0x00000000028ef088, RBP=0x00000000028ef0e8, RSI=0x0000000000000b28, RDI=0x00000000eb8ed128
R8 =0x00000000c0106a78, R9 =0x0000000000000000, R10=0x0000000055e862c0, R11=0x0000000002cc2200
R12=0x0000000000000000, R13=0x00000000028ef0a0, R14=0x0000000000000000, R15=0x00000000028f0800
RIP=0xffffffffa39f5120, EFLAGS=0x0000000000010206

Top of Stack: (sp=0x00000000028ef088)
0x00000000028ef088:   00000000029f77b0 00000000028ef0e8
0x00000000028ef098:   00000000029f77b0 00000000c0106a78
0x00000000028ef0a8:   00000000028ef0a8 0000000014ac888c
0x00000000028ef0b8:   00000000028ef160 0000000014aca618
0x00000000028ef0c8:   0000000000000000 0000000014ac89e0
0x00000000028ef0d8:   00000000028ef0a0 00000000028ef158
0x00000000028ef0e8:   00000000028ef1a8 00000000029f7a2d
0x00000000028ef0f8:   00000000eac5e370 00000000c0106a78
0x00000000028ef108:   00000000eadd0fe0 00000000000006c7
0x00000000028ef118:   00000000c0106b18 00000000eb8ed1f0
0x00000000028ef128:   00000000eac5e370 00000000eb853d90
0x00000000028ef138:   0000000000000004 000000000000000d
0x00000000028ef148:   00000000c008e1c8 00000000eadd0db8
0x00000000028ef158:   00000000eb851df8 00000000c008e1c8
0x00000000028ef168:   00000000028ef168 0000000014935c6c
0x00000000028ef178:   00000000028ef200 000000001493ce50 

Instructions: (pc=0xffffffffa39f5120)
0xffffffffa39f5100:   
[error occurred during error reporting (printing registers, top of stack, instructions near pc), id 0xc0000005]

Register to memory mapping:

RAX={method} {0x00000000149b3038} 'itemType' '()Lcom/android/dx/dex/file/ItemType;' in 'com/android/dx/dex/file/FieldIdItem'
RBX={method} {0x00000000149b3038} 'itemType' '()Lcom/android/dx/dex/file/ItemType;' in 'com/android/dx/dex/file/FieldIdItem'
RCX=0x00000000c0106a78 is an oop
com.android.dx.dex.file.FieldIdItem 
 - klass: 'com/android/dx/dex/file/FieldIdItem'
RDX=0x00000000c0106a78 is an oop
com.android.dx.dex.file.FieldIdItem 
 - klass: 'com/android/dx/dex/file/FieldIdItem'
RSP=0x00000000028ef088 is pointing into the stack for thread: 0x00000000028f0800
RBP=0x00000000028ef0e8 is pointing into the stack for thread: 0x00000000028f0800
RSI=0x0000000000000b28 is an unknown value
RDI=0x00000000eb8ed128 is an oop
java.util.TreeMap$Entry 
 - klass: 'java/util/TreeMap$Entry'
R8 =0x00000000c0106a78 is an oop
com.android.dx.dex.file.FieldIdItem 
 - klass: 'com/android/dx/dex/file/FieldIdItem'
R9 =0x0000000000000000 is an unknown value
R10=0x0000000055e862c0 is an unknown value
R11=0x0000000002cc2200 is at entry_point+32 in (nmethod*)0x0000000002cc2090
R12=0x0000000000000000 is an unknown value
R13=0x00000000028ef0a0 is pointing into the stack for thread: 0x00000000028f0800
R14=0x0000000000000000 is an unknown value
R15=0x00000000028f0800 is a thread


Stack: [0x00000000027f0000,0x00000000028f0000],  sp=0x00000000028ef088,  free space=1020k
Native frames: (J=compiled Java code, j=interpreted, Vv=VM code, C=native code)
C  0xffffffffa39f5120


---------------  P R O C E S S  ---------------

Java Threads: ( => current thread )
  0x0000000014ec8000 JavaThread "Service Thread" daemon [_thread_blocked, id=4420, stack(0x0000000015fc0000,0x00000000160c0000)]
  0x0000000014e7b800 JavaThread "C1 CompilerThread1" daemon [_thread_blocked, id=7772, stack(0x0000000015ec0000,0x0000000015fc0000)]
  0x0000000014e78800 JavaThread "C2 CompilerThread0" daemon [_thread_blocked, id=1552, stack(0x0000000015dc0000,0x0000000015ec0000)]
  0x0000000014e76800 JavaThread "Attach Listener" daemon [_thread_blocked, id=724, stack(0x0000000015cc0000,0x0000000015dc0000)]
  0x0000000014e75800 JavaThread "Signal Dispatcher" daemon [_thread_blocked, id=3648, stack(0x0000000015bc0000,0x0000000015cc0000)]
  0x0000000014e36000 JavaThread "Finalizer" daemon [_thread_blocked, id=5108, stack(0x0000000015ac0000,0x0000000015bc0000)]
  0x0000000014e2f000 JavaThread "Reference Handler" daemon [_thread_blocked, id=8608, stack(0x00000000159c0000,0x0000000015ac0000)]
=>0x00000000028f0800 JavaThread "main" [_thread_in_Java, id=6564, stack(0x00000000027f0000,0x00000000028f0000)]

Other Threads:
  0x0000000014e29800 VMThread [stack: 0x00000000158c0000,0x00000000159c0000] [id=4232]
  0x0000000014ecb800 WatcherThread [stack: 0x00000000160c0000,0x00000000161c0000] [id=332]

VM state:synchronizing (normal execution)

VM Mutex/Monitor currently owned by a thread:  ([mutex/lock_event])
[0x0000000000d9c790] Safepoint_lock - owner thread: 0x0000000014e29800
[0x0000000000d9c110] Threads_lock - owner thread: 0x0000000014e29800

Heap:
 PSYoungGen      total 14336K, used 5050K [0x00000000eab00000, 0x00000000ec700000, 0x0000000100000000)
  eden space 12288K, 24% used [0x00000000eab00000,0x00000000eadf1e80,0x00000000eb700000)
  from space 2048K, 99% used [0x00000000eb700000,0x00000000eb8fcd78,0x00000000eb900000)
  to   space 2048K, 0% used [0x00000000ec500000,0x00000000ec500000,0x00000000ec700000)
 ParOldGen       total 32768K, used 2722K [0x00000000c0000000, 0x00000000c2000000, 0x00000000eab00000)
  object space 32768K, 8% used [0x00000000c0000000,0x00000000c02a8960,0x00000000c2000000)
 Metaspace       used 4949K, capacity 6416K, committed 6528K, reserved 1056768K
  class space    used 515K, capacity 584K, committed 640K, reserved 1048576K

Card table byte_map: [0x0000000011db0000,0x0000000011fc0000] byte_map_base: 0x00000000117b0000

Marking Bits: (ParMarkBitMap*) 0x0000000055e9d4f0
 Begin Bits: [0x0000000012320000, 0x0000000013320000)
 End Bits:   [0x0000000013320000, 0x0000000014320000)

Polling page: 0x0000000000d70000

CodeCache: size=245760Kb used=2912Kb max_used=2915Kb free=242847Kb
 bounds [0x00000000029f0000, 0x0000000002cd0000, 0x00000000119f0000]
 total_blobs=971 nmethods=712 adapters=174
 compilation: enabled

Compilation events (10 events):
Event: 0.576 Thread 0x0000000014e7b800 nmethod 708 0x0000000002cc2d50 code [0x0000000002cc2f40, 0x0000000002cc3828]
Event: 0.576 Thread 0x0000000014e78800 nmethod 704 0x0000000002cc2710 code [0x0000000002cc2860, 0x0000000002cc2b68]
Event: 0.577 Thread 0x0000000014e7b800  709       3       com.android.dx.dex.file.ClassDataItem::encodeList (92 bytes)
Event: 0.578 Thread 0x0000000014e7b800 nmethod 709 0x0000000002cc9990 code [0x0000000002cc9c00, 0x0000000002ccabb8]
Event: 0.578 Thread 0x0000000014e7b800  710       3       com.android.dx.dex.file.StringIdItem::itemType (4 bytes)
Event: 0.578 Thread 0x0000000014e7b800 nmethod 710 0x0000000002cc23d0 code [0x0000000002cc2520, 0x0000000002cc2670]
Event: 0.579 Thread 0x0000000014e7b800  711       3       com.android.dx.dex.file.FieldIdItem::itemType (4 bytes)
Event: 0.579 Thread 0x0000000014e7b800 nmethod 711 0x0000000002cc2090 code [0x0000000002cc21e0, 0x0000000002cc2330]
Event: 0.579 Thread 0x0000000014e7b800  712       1       com.android.dx.dex.file.FieldIdItem::itemType (4 bytes)
Event: 0.579 Thread 0x0000000014e7b800 nmethod 712 0x0000000002cc1dd0 code [0x0000000002cc1f20, 0x0000000002cc2030]

GC Heap History (2 events):
Event: 0.507 GC heap before
{Heap before GC invocations=1 (full 0):
 PSYoungGen      total 14336K, used 12273K [0x00000000eab00000, 0x00000000ebb00000, 0x0000000100000000)
  eden space 12288K, 99% used [0x00000000eab00000,0x00000000eb6fc478,0x00000000eb700000)
  from space 2048K, 0% used [0x00000000eb900000,0x00000000eb900000,0x00000000ebb00000)
  to   space 2048K, 0% used [0x00000000eb700000,0x00000000eb700000,0x00000000eb900000)
 ParOldGen       total 32768K, used 0K [0x00000000c0000000, 0x00000000c2000000, 0x00000000eab00000)
  object space 32768K, 0% used [0x00000000c0000000,0x00000000c0000000,0x00000000c2000000)
 Metaspace       used 4666K, capacity 6224K, committed 6528K, reserved 1056768K
  class space    used 491K, capacity 584K, committed 640K, reserved 1048576K
Event: 0.515 GC heap after
Heap after GC invocations=1 (full 0):
 PSYoungGen      total 14336K, used 2035K [0x00000000eab00000, 0x00000000ec700000, 0x0000000100000000)
  eden space 12288K, 0% used [0x00000000eab00000,0x00000000eab00000,0x00000000eb700000)
  from space 2048K, 99% used [0x00000000eb700000,0x00000000eb8fcd78,0x00000000eb900000)
  to   space 2048K, 0% used [0x00000000ec500000,0x00000000ec500000,0x00000000ec700000)
 ParOldGen       total 32768K, used 2722K [0x00000000c0000000, 0x00000000c2000000, 0x00000000eab00000)
  object space 32768K, 8% used [0x00000000c0000000,0x00000000c02a8960,0x00000000c2000000)
 Metaspace       used 4666K, capacity 6224K, committed 6528K, reserved 1056768K
  class space    used 491K, capacity 584K, committed 640K, reserved 1048576K
}

Deoptimization events (5 events):
Event: 0.529 Thread 0x00000000028f0800 Uncommon trap: reason=bimorphic action=maybe_recompile pc=0x0000000002c852b4 method=java.util.HashMap.getNode(ILjava/lang/Object;)Ljava/util/HashMap$Node; @ 126
Event: 0.529 Thread 0x00000000028f0800 Uncommon trap: reason=bimorphic action=maybe_recompile pc=0x0000000002c852b4 method=java.util.HashMap.getNode(ILjava/lang/Object;)Ljava/util/HashMap$Node; @ 126
Event: 0.529 Thread 0x00000000028f0800 Uncommon trap: reason=bimorphic action=maybe_recompile pc=0x0000000002c852b4 method=java.util.HashMap.getNode(ILjava/lang/Object;)Ljava/util/HashMap$Node; @ 126
Event: 0.529 Thread 0x00000000028f0800 Uncommon trap: reason=bimorphic action=maybe_recompile pc=0x0000000002c852b4 method=java.util.HashMap.getNode(ILjava/lang/Object;)Ljava/util/HashMap$Node; @ 126
Event: 0.529 Thread 0x00000000028f0800 Uncommon trap: reason=bimorphic action=maybe_recompile pc=0x0000000002c265d4 method=java.util.HashMap.getNode(ILjava/lang/Object;)Ljava/util/HashMap$Node; @ 126

Internal exceptions (2 events):
Event: 0.038 Thread 0x00000000028f0800 Exception <a 'java/lang/NoSuchMethodError': Method sun.misc.Unsafe.defineClass(Ljava/lang/String;[BII)Ljava/lang/Class; name or signature does not match> (0x00000000eab0c2c0) thrown at [C:\workspace\8-2-build-windows-amd64-cygwin\jdk8u31\2394\hotspot\src\s2‰Ù0•§£?
Event: 0.038 Thread 0x00000000028f0800 Exception <a 'java/lang/NoSuchMethodError': Method sun.misc.Unsafe.prefetchRead(Ljava/lang/Object;J)V name or signature does not match> (0x00000000eab0c550) thrown at [C:\workspace\8-2-build-windows-amd64-cygwin\jdk8u31\2394\hotspot\src\share\vm\prims\jni.

Events (10 events):
Event: 0.568 loading class com/android/dx/dex/file/DebugInfoEncoder$1
Event: 0.568 loading class com/android/dx/dex/file/DebugInfoEncoder$1 done
Event: 0.568 loading class com/android/dx/dex/file/DebugInfoEncoder$2
Event: 0.568 loading class com/android/dx/dex/file/DebugInfoEncoder$2 done
Event: 0.570 loading class com/android/dex/EncodedValueCodec
Event: 0.570 loading class com/android/dex/EncodedValueCodec done
Event: 0.577 loading class com/android/dx/dex/file/MapItem
Event: 0.577 loading class com/android/dx/dex/file/MapItem done
Event: 0.578 loading class com/android/dx/dex/file/UniformListItem
Event: 0.578 loading class com/android/dx/dex/file/UniformListItem done


Dynamic libraries:
0x00007ff6b8200000 - 0x00007ff6b8234000 	C:\PROGRA~3\Oracle\Java\javapath\java.exe
0x00007ffb05750000 - 0x00007ffb058fc000 	C:\WINDOWS\SYSTEM32\ntdll.dll
0x00007ffb04db0000 - 0x00007ffb04eee000 	C:\WINDOWS\system32\KERNEL32.DLL
0x00007ffb029d0000 - 0x00007ffb02ae5000 	C:\WINDOWS\system32\KERNELBASE.dll
0x00007ffb01450000 - 0x00007ffb014de000 	C:\WINDOWS\system32\apphelp.dll
0x00007ffaf1a00000 - 0x00007ffaf1a53000 	C:\WINDOWS\AppPatch\AppPatch64\AcGenral.DLL
0x00007ffb037e0000 - 0x00007ffb0388a000 	C:\WINDOWS\system32\msvcrt.dll
0x00007ffb026d0000 - 0x00007ffb026fe000 	C:\WINDOWS\SYSTEM32\SspiCli.dll
0x00007ffb056f0000 - 0x00007ffb05744000 	C:\WINDOWS\system32\SHLWAPI.dll
0x00007ffb053d0000 - 0x00007ffb05547000 	C:\WINDOWS\system32\USER32.dll
0x00007ffb02dd0000 - 0x00007ffb02f64000 	C:\WINDOWS\system32\ole32.dll
0x00007ffb03890000 - 0x00007ffb04da8000 	C:\WINDOWS\system32\SHELL32.dll
0x00007ffb01e40000 - 0x00007ffb01e61000 	C:\WINDOWS\SYSTEM32\USERENV.dll
0x00007ffb02f70000 - 0x00007ffb0301a000 	C:\WINDOWS\system32\ADVAPI32.dll
0x00007ffaf5070000 - 0x00007ffaf508e000 	C:\WINDOWS\SYSTEM32\MPR.dll
0x00007ffb04ef0000 - 0x00007ffb05031000 	C:\WINDOWS\system32\RPCRT4.dll
0x00007ffb03780000 - 0x00007ffb037d9000 	C:\WINDOWS\SYSTEM32\sechost.dll
0x00007ffb03340000 - 0x00007ffb03551000 	C:\WINDOWS\SYSTEM32\combase.dll
0x00007ffb031d0000 - 0x00007ffb03321000 	C:\WINDOWS\system32\GDI32.dll
0x00007ffb028a0000 - 0x00007ffb028b5000 	C:\WINDOWS\SYSTEM32\profapi.dll
0x00007ffb00df0000 - 0x00007ffb00ea2000 	C:\WINDOWS\SYSTEM32\SHCORE.dll
0x00007ffb03560000 - 0x00007ffb03596000 	C:\WINDOWS\system32\IMM32.DLL
0x00007ffb05130000 - 0x00007ffb05283000 	C:\WINDOWS\system32\MSCTF.dll
0x00007ffb007c0000 - 0x00007ffb00a3b000 	C:\WINDOWS\WinSxS\amd64_microsoft.windows.common-controls_6595b64144ccf1df_6.0.9600.17415_none_6240486fecbd8abb\COMCTL32.dll
0x0000000057570000 - 0x0000000057642000 	F:\Program Files\Java\jre1.8.0_31\bin\msvcr100.dll
0x00000000556c0000 - 0x0000000055f1a000 	F:\Program Files\Java\jre1.8.0_31\bin\server\jvm.dll
0x00007ffaf5a90000 - 0x00007ffaf5a99000 	C:\WINDOWS\SYSTEM32\WSOCK32.dll
0x00007ffaff600000 - 0x00007ffaff622000 	C:\WINDOWS\SYSTEM32\WINMM.dll
0x00007ffb05120000 - 0x00007ffb05127000 	C:\WINDOWS\system32\PSAPI.DLL
0x00007ffb052a0000 - 0x00007ffb052fa000 	C:\WINDOWS\system32\WS2_32.dll
0x00007ffafe8f0000 - 0x00007ffafe91a000 	C:\WINDOWS\SYSTEM32\WINMMBASE.dll
0x00007ffb05620000 - 0x00007ffb05629000 	C:\WINDOWS\system32\NSI.dll
0x00007ffb02cd0000 - 0x00007ffb02d1f000 	C:\WINDOWS\SYSTEM32\cfgmgr32.dll
0x00007ffb016a0000 - 0x00007ffb016c8000 	C:\WINDOWS\SYSTEM32\DEVOBJ.dll
0x00000000577b0000 - 0x00000000577bf000 	F:\Program Files\Java\jre1.8.0_31\bin\verify.dll
0x0000000057780000 - 0x00000000577a8000 	F:\Program Files\Java\jre1.8.0_31\bin\java.dll
0x0000000057550000 - 0x0000000057566000 	F:\Program Files\Java\jre1.8.0_31\bin\zip.dll
0x00007ffaf5520000 - 0x00007ffaf56aa000 	C:\WINDOWS\SYSTEM32\dbghelp.dll

VM Arguments:
jvm_args: -Xmx1024M -Xss1m -Djava.ext.dirs=C:\Users\Sean\AppData\Local\Android\sdk\build-tools\21.1.2\lib 
java_command: C:\Users\Sean\AppData\Local\Android\sdk\build-tools\21.1.2\lib\dx.jar --dex --no-optimize --output F:\Users\Sean\AndroidStudioProjects\P1ststasny\app\build\intermediates\dex\debug --input-list F:\Users\Sean\AndroidStudioProjects\P1ststasny\app\build\intermediates\tmp\dex\debug\inputList.txt
java_class_path (initial): C:\Users\Sean\AppData\Local\Android\sdk\build-tools\21.1.2\lib\dx.jar
Launcher Type: SUN_STANDARD

Environment Variables:
PATH=C:\ProgramData\Oracle\Java\javapath;C:\Program Files (x86)\iis express\PHP\v5.3;C:\WINDOWS\system32;C:\WINDOWS;C:\WINDOWS\System32\Wbem;C:\WINDOWS\System32\WindowsPowerShell\v1.0\;C:\Program Files (x86)\ATI Technologies\ATI.ACE\Core-Static;C:\Program Files\Microsoft\Web Platform Installer\;
USERNAME=Sean
OS=Windows_NT
PROCESSOR_IDENTIFIER=Intel64 Family 6 Model 15 Stepping 11, GenuineIntel



---------------  S Y S T E M  ---------------

OS: Windows 8.1 , 64 bit Build 9600 

CPU:total 2 (2 cores per cpu, 1 threads per core) family 6 model 15 stepping 11, cmov, cx8, fxsr, mmx, sse, sse2, sse3, ssse3, tsc

Memory: 4k page, physical 3144228k(396868k free), swap 7895096k(1395980k free)

vm_info: Java HotSpot(TM) 64-Bit Server VM (25.31-b07) for windows-amd64 JRE (1.8.0_31-b13), built on Dec 17 2014 21:00:28 by "java_re" with MS VC++ 10.0 (VS2010)

time: Thu Feb 05 23:25:02 2015
elapsed time: 2 seconds (0d 0h 0m 2s)

