#
# A fatal error has been detected by the Java Runtime Environment:
#
#  EXCEPTION_ACCESS_VIOLATION (0xc0000005) at pc=0xffffffffa3615120, pid=3188, tid=5716
#
# JRE version: Java(TM) SE Runtime Environment (8.0_31-b13) (build 1.8.0_31-b13)
# Java VM: Java HotSpot(TM) 64-Bit Server VM (25.31-b07 mixed mode windows-amd64 compressed oops)
# Problematic frame:
# C  0xffffffffa3615120
#
# Failed to write core dump. Minidumps are not enabled by default on client versions of Windows
#
# If you would like to submit a bug report, please visit:
#   http://bugreport.java.com/bugreport/crash.jsp
#

---------------  T H R E A D  ---------------

Current thread (0x0000000002510800):  JavaThread "main" [_thread_in_Java, id=5716, stack(0x0000000002400000,0x0000000002500000)]

siginfo: ExceptionCode=0xc0000005, ExceptionInformation=0x0000000000000008 0xffffffffa3615120

Registers:
RAX=0x0000000014745778, RBX=0x000000001478a070, RCX=0x00000000eb2a4548, RDX=0x00000000eb15a588
RSP=0x00000000024ff2b8, RBP=0x00000000024ff3a8, RSI=0x00000000eb2b2148, RDI=0x00000000eb15a588
R8 =0x00000000000000ed, R9 =0x00000000eb155bc8, R10=0x0000000100094678, R11=0x000000000298c3a0
R12=0x0000000000000000, R13=0x00000000024ff358, R14=0x0000000000000000, R15=0x0000000002510800
RIP=0xffffffffa3615120, EFLAGS=0x0000000000010206

Top of Stack: (sp=0x00000000024ff2b8)
0x00000000024ff2b8:   000000000298c6ac 00000000024ff3a8
0x00000000024ff2c8:   000000006b6fe265 0000000014746300
0x00000000024ff2d8:   0000000000000000 00000000024ff310
0x00000000024ff2e8:   00000000024ff3a8 0000000002988c14
0x00000000024ff2f8:   00000000eb2aa588 00000000024ff3a8
0x00000000024ff308:   0000000002988c14 00000000eb2a45e0
0x00000000024ff318:   00000000eb155bc8 00000000eb2b2148
0x00000000024ff328:   00000000eb15a588 00000000024ff3a8
0x00000000024ff338:   0000000002617a2d 00000000024ff3a8
0x00000000024ff348:   0000000002617a2d 0000000002617a2d
0x00000000024ff358:   00000000eb2b2148 00000000eb2a4548
0x00000000024ff368:   00000000024ff368 0000000014737b0b
0x00000000024ff378:   00000000024ff428 0000000014738308
0x00000000024ff388:   0000000000000000 0000000014737c30
0x00000000024ff398:   00000000024ff358 00000000024ff428
0x00000000024ff3a8:   00000000024ff470 0000000002617a2d 

Instructions: (pc=0xffffffffa3615120)
0xffffffffa3615100:   
[error occurred during error reporting (printing registers, top of stack, instructions near pc), id 0xc0000005]

Register to memory mapping:

RAX={method} {0x0000000014745780} 'write' '(Ljava/lang/Comparable;)V' in 'com/android/dx/merge/DexMerger$6'
RBX=0x000000001478a070 is pointing into metadata
RCX=0x00000000eb2a4548 is an oop
com.android.dx.merge.DexMerger$6 
 - klass: 'com/android/dx/merge/DexMerger$6'
RDX=0x00000000eb15a588 is an oop
com.android.dex.Dex$Section 
 - klass: 'com/android/dex/Dex$Section'
RSP=0x00000000024ff2b8 is pointing into the stack for thread: 0x0000000002510800
RBP=0x00000000024ff3a8 is pointing into the stack for thread: 0x0000000002510800
RSI=0x00000000eb2b2148 is an oop
com.android.dex.MethodId 
 - klass: 'com/android/dex/MethodId'
RDI=0x00000000eb15a588 is an oop
com.android.dex.Dex$Section 
 - klass: 'com/android/dex/Dex$Section'
R8 =0x00000000000000ed is an unknown value
R9 =0x00000000eb155bc8 is an oop
com.android.dx.merge.IndexMap 
 - klass: 'com/android/dx/merge/IndexMap'
R10=0x0000000100094678 is pointing into metadata
R11=0x000000000298c3a0 is at entry_point+32 in (nmethod*)0x000000000298c1d0
R12=0x0000000000000000 is an unknown value
R13=0x00000000024ff358 is pointing into the stack for thread: 0x0000000002510800
R14=0x0000000000000000 is an unknown value
R15=0x0000000002510800 is a thread


Stack: [0x0000000002400000,0x0000000002500000],  sp=0x00000000024ff2b8,  free space=1020k
Native frames: (J=compiled Java code, j=interpreted, Vv=VM code, C=native code)
C  0xffffffffa3615120


---------------  P R O C E S S  ---------------

Java Threads: ( => current thread )
  0x0000000014b22000 JavaThread "Service Thread" daemon [_thread_blocked, id=5360, stack(0x0000000015c10000,0x0000000015d10000)]
  0x0000000014ac0000 JavaThread "C1 CompilerThread1" daemon [_thread_blocked, id=5760, stack(0x0000000015b10000,0x0000000015c10000)]
  0x0000000014ab9000 JavaThread "C2 CompilerThread0" daemon [_thread_blocked, id=2872, stack(0x0000000015a10000,0x0000000015b10000)]
  0x0000000014ab6800 JavaThread "Attach Listener" daemon [_thread_blocked, id=3224, stack(0x0000000015910000,0x0000000015a10000)]
  0x0000000014ab5800 JavaThread "Signal Dispatcher" daemon [_thread_blocked, id=5956, stack(0x0000000015810000,0x0000000015910000)]
  0x0000000014a76000 JavaThread "Finalizer" daemon [_thread_blocked, id=5236, stack(0x0000000015700000,0x0000000015800000)]
  0x0000000014a6f000 JavaThread "Reference Handler" daemon [_thread_blocked, id=4704, stack(0x0000000015600000,0x0000000015700000)]
=>0x0000000002510800 JavaThread "main" [_thread_in_Java, id=5716, stack(0x0000000002400000,0x0000000002500000)]

Other Threads:
  0x0000000014a69800 VMThread [stack: 0x0000000015500000,0x0000000015600000] [id=2316]
  0x0000000014b3d800 WatcherThread [stack: 0x0000000015d10000,0x0000000015e10000] [id=5396]

VM state:not at safepoint (normal execution)

VM Mutex/Monitor currently owned by a thread: None

Heap:
 PSYoungGen      total 14336K, used 10103K [0x00000000eab00000, 0x00000000ec700000, 0x0000000100000000)
  eden space 12288K, 65% used [0x00000000eab00000,0x00000000eb2e2908,0x00000000eb700000)
  from space 2048K, 99% used [0x00000000eb700000,0x00000000eb8fb598,0x00000000eb900000)
  to   space 2048K, 0% used [0x00000000ec500000,0x00000000ec500000,0x00000000ec700000)
 ParOldGen       total 32768K, used 2475K [0x00000000c0000000, 0x00000000c2000000, 0x00000000eab00000)
  object space 32768K, 7% used [0x00000000c0000000,0x00000000c026ac58,0x00000000c2000000)
 Metaspace       used 6020K, capacity 6994K, committed 7168K, reserved 1056768K
  class space    used 640K, capacity 650K, committed 768K, reserved 1048576K

Card table byte_map: [0x00000000119d0000,0x0000000011be0000] byte_map_base: 0x00000000113d0000

Marking Bits: (ParMarkBitMap*) 0x000000006be2d4f0
 Begin Bits: [0x0000000011f40000, 0x0000000012f40000)
 End Bits:   [0x0000000012f40000, 0x0000000013f40000)

Polling page: 0x00000000023d0000

CodeCache: size=245760Kb used=3567Kb max_used=3578Kb free=242192Kb
 bounds [0x0000000002610000, 0x00000000029a0000, 0x0000000011610000]
 total_blobs=1332 nmethods=1051 adapters=196
 compilation: enabled

Compilation events (10 events):
Event: 0.701 Thread 0x0000000014ac0000 1048       3       com.android.dx.merge.DexMerger$6::write (9 bytes)
Event: 0.701 Thread 0x0000000014ac0000 nmethod 1048 0x000000000298c1d0 code [0x000000000298c380, 0x000000000298ca68]
Event: 0.702 Thread 0x0000000014ac0000 1049       3       com.android.dex.MethodId::compareTo (9 bytes)
Event: 0.702 Thread 0x0000000014ac0000 nmethod 1049 0x00000000029888d0 code [0x0000000002988a40, 0x0000000002988d28]
Event: 0.702 Thread 0x0000000014ac0000 1050       3       com.android.dx.merge.IndexMap::adjust (36 bytes)
Event: 0.702 Thread 0x0000000014ac0000 nmethod 1050 0x000000000298d250 code [0x000000000298d400, 0x000000000298dc10]
Event: 0.702 Thread 0x0000000014ac0000 1051       3       com.android.dex.MethodId::compareTo (58 bytes)
Event: 0.703 Thread 0x0000000014ac0000 nmethod 1051 0x000000000298b9d0 code [0x000000000298bb60, 0x000000000298c090]
Event: 0.703 Thread 0x0000000014ab9000 nmethod 1040 0x0000000002990dd0 code [0x0000000002990f20, 0x00000000029910c8]
Event: 0.703 Thread 0x0000000014ab9000 1033       4       com.android.dex.Dex$Section::writeInt (10 bytes)

GC Heap History (2 events):
Event: 0.450 GC heap before
{Heap before GC invocations=1 (full 0):
 PSYoungGen      total 14336K, used 11894K [0x00000000eab00000, 0x00000000ebb00000, 0x0000000100000000)
  eden space 12288K, 96% used [0x00000000eab00000,0x00000000eb69d848,0x00000000eb700000)
  from space 2048K, 0% used [0x00000000eb900000,0x00000000eb900000,0x00000000ebb00000)
  to   space 2048K, 0% used [0x00000000eb700000,0x00000000eb700000,0x00000000eb900000)
 ParOldGen       total 32768K, used 0K [0x00000000c0000000, 0x00000000c2000000, 0x00000000eab00000)
  object space 32768K, 0% used [0x00000000c0000000,0x00000000c0000000,0x00000000c2000000)
 Metaspace       used 4665K, capacity 6224K, committed 6528K, reserved 1056768K
  class space    used 491K, capacity 584K, committed 640K, reserved 1048576K
Event: 0.458 GC heap after
Heap after GC invocations=1 (full 0):
 PSYoungGen      total 14336K, used 2029K [0x00000000eab00000, 0x00000000ec700000, 0x0000000100000000)
  eden space 12288K, 0% used [0x00000000eab00000,0x00000000eab00000,0x00000000eb700000)
  from space 2048K, 99% used [0x00000000eb700000,0x00000000eb8fb598,0x00000000eb900000)
  to   space 2048K, 0% used [0x00000000ec500000,0x00000000ec500000,0x00000000ec700000)
 ParOldGen       total 32768K, used 2475K [0x00000000c0000000, 0x00000000c2000000, 0x00000000eab00000)
  object space 32768K, 7% used [0x00000000c0000000,0x00000000c026ac58,0x00000000c2000000)
 Metaspace       used 4665K, capacity 6224K, committed 6528K, reserved 1056768K
  class space    used 491K, capacity 584K, committed 640K, reserved 1048576K
}

Deoptimization events (10 events):
Event: 0.472 Thread 0x0000000002510800 Uncommon trap: reason=bimorphic action=maybe_recompile pc=0x000000000286d128 method=java.util.HashMap.getNode(ILjava/lang/Object;)Ljava/util/HashMap$Node; @ 126
Event: 0.472 Thread 0x0000000002510800 Uncommon trap: reason=bimorphic action=maybe_recompile pc=0x000000000286d128 method=java.util.HashMap.getNode(ILjava/lang/Object;)Ljava/util/HashMap$Node; @ 126
Event: 0.472 Thread 0x0000000002510800 Uncommon trap: reason=bimorphic action=maybe_recompile pc=0x000000000286d128 method=java.util.HashMap.getNode(ILjava/lang/Object;)Ljava/util/HashMap$Node; @ 126
Event: 0.479 Thread 0x0000000002510800 Uncommon trap: reason=bimorphic action=maybe_recompile pc=0x000000000286d128 method=java.util.HashMap.getNode(ILjava/lang/Object;)Ljava/util/HashMap$Node; @ 126
Event: 0.479 Thread 0x0000000002510800 Uncommon trap: reason=bimorphic action=maybe_recompile pc=0x000000000286c948 method=java.util.HashMap.getNode(ILjava/lang/Object;)Ljava/util/HashMap$Node; @ 126
Event: 0.588 Thread 0x0000000002510800 Uncommon trap: reason=class_check action=maybe_recompile pc=0x0000000002903c20 method=com.android.dex.Leb128.writeUnsignedLeb128(Lcom/android/dex/util/ByteOutput;I)V @ 40
Event: 0.588 Thread 0x0000000002510800 Uncommon trap: reason=class_check action=maybe_recompile pc=0x0000000002903c20 method=com.android.dex.Leb128.writeUnsignedLeb128(Lcom/android/dex/util/ByteOutput;I)V @ 40
Event: 0.588 Thread 0x0000000002510800 Uncommon trap: reason=class_check action=maybe_recompile pc=0x0000000002903c20 method=com.android.dex.Leb128.writeUnsignedLeb128(Lcom/android/dex/util/ByteOutput;I)V @ 40
Event: 0.589 Thread 0x0000000002510800 Uncommon trap: reason=class_check action=maybe_recompile pc=0x0000000002903c20 method=com.android.dex.Leb128.writeUnsignedLeb128(Lcom/android/dex/util/ByteOutput;I)V @ 40
Event: 0.631 Thread 0x0000000002510800 Uncommon trap: reason=predicate action=maybe_recompile pc=0x000000000293154c method=com.android.dex.Leb128.writeUnsignedLeb128(Lcom/android/dex/util/ByteOutput;I)V @ 9

Internal exceptions (2 events):
Event: 0.033 Thread 0x0000000002510800 Exception <a 'java/lang/NoSuchMethodError': Method sun.misc.Unsafe.defineClass(Ljava/lang/String;[BII)Ljava/lang/Class; name or signature does not match> (0x00000000eab0c2c0) thrown at [C:\workspace\8-2-build-windows-amd64-cygwin\jdk8u31\2394\hotspot\src\s±â†íOÂ ?
Event: 0.033 Thread 0x0000000002510800 Exception <a 'java/lang/NoSuchMethodError': Method sun.misc.Unsafe.prefetchRead(Ljava/lang/Object;J)V name or signature does not match> (0x00000000eab0c550) thrown at [C:\workspace\8-2-build-windows-amd64-cygwin\jdk8u31\2394\hotspot\src\share\vm\prims\jni.

Events (10 events):
Event: 0.678 loading class java/util/Formatter$Conversion
Event: 0.678 loading class java/util/Formatter$Conversion done
Event: 0.679 loading class sun/misc/FormattedFloatingDecimal$Form
Event: 0.679 loading class sun/misc/FormattedFloatingDecimal$Form done
Event: 0.679 loading class sun/misc/FormattedFloatingDecimal
Event: 0.679 loading class sun/misc/FormattedFloatingDecimal done
Event: 0.679 loading class sun/misc/FormattedFloatingDecimal$1
Event: 0.679 loading class sun/misc/FormattedFloatingDecimal$1 done
Event: 0.679 loading class sun/misc/FormattedFloatingDecimal$2
Event: 0.679 loading class sun/misc/FormattedFloatingDecimal$2 done


Dynamic libraries:
0x00007ff6d24e0000 - 0x00007ff6d2514000 	C:\PROGRA~3\Oracle\Java\javapath\java.exe
0x00007ffeb0720000 - 0x00007ffeb08cc000 	C:\WINDOWS\SYSTEM32\ntdll.dll
0x00007ffeae730000 - 0x00007ffeae86e000 	C:\WINDOWS\system32\KERNEL32.DLL
0x00007ffead9f0000 - 0x00007ffeadb05000 	C:\WINDOWS\system32\KERNELBASE.dll
0x00007ffeac410000 - 0x00007ffeac49e000 	C:\WINDOWS\system32\apphelp.dll
0x00007ffea4000000 - 0x00007ffea4053000 	C:\WINDOWS\AppPatch\AppPatch64\AcGenral.DLL
0x00007ffeae8d0000 - 0x00007ffeae97a000 	C:\WINDOWS\system32\msvcrt.dll
0x00007ffead710000 - 0x00007ffead73e000 	C:\WINDOWS\SYSTEM32\SspiCli.dll
0x00007ffeae450000 - 0x00007ffeae4a4000 	C:\WINDOWS\system32\SHLWAPI.dll
0x00007ffeadfd0000 - 0x00007ffeae147000 	C:\WINDOWS\system32\USER32.dll
0x00007ffeb04a0000 - 0x00007ffeb0634000 	C:\WINDOWS\system32\ole32.dll
0x00007ffeaeb90000 - 0x00007ffeb00a8000 	C:\WINDOWS\system32\SHELL32.dll
0x00007ffeace30000 - 0x00007ffeace51000 	C:\WINDOWS\SYSTEM32\USERENV.dll
0x00007ffeaeae0000 - 0x00007ffeaeb8a000 	C:\WINDOWS\system32\ADVAPI32.dll
0x00007ffe9ec50000 - 0x00007ffe9ec6e000 	C:\WINDOWS\SYSTEM32\MPR.dll
0x00007ffeb00b0000 - 0x00007ffeb01f1000 	C:\WINDOWS\system32\RPCRT4.dll
0x00007ffeae870000 - 0x00007ffeae8c9000 	C:\WINDOWS\SYSTEM32\sechost.dll
0x00007ffeadda0000 - 0x00007ffeadfb1000 	C:\WINDOWS\SYSTEM32\combase.dll
0x00007ffeb0200000 - 0x00007ffeb0351000 	C:\WINDOWS\system32\GDI32.dll
0x00007ffead870000 - 0x00007ffead885000 	C:\WINDOWS\SYSTEM32\profapi.dll
0x00007ffeabde0000 - 0x00007ffeabe92000 	C:\WINDOWS\SYSTEM32\SHCORE.dll
0x00007ffeae690000 - 0x00007ffeae6c6000 	C:\WINDOWS\system32\IMM32.DLL
0x00007ffeae980000 - 0x00007ffeaead3000 	C:\WINDOWS\system32\MSCTF.dll
0x00007ffeaa9d0000 - 0x00007ffeaac4b000 	C:\WINDOWS\WinSxS\amd64_microsoft.windows.common-controls_6595b64144ccf1df_6.0.9600.17415_none_6240486fecbd8abb\COMCTL32.dll
0x000000006beb0000 - 0x000000006bf82000 	F:\Program Files\Java\jre1.8.0_31\bin\msvcr100.dll
0x000000006b650000 - 0x000000006beaa000 	F:\Program Files\Java\jre1.8.0_31\bin\server\jvm.dll
0x00007ffe9ca60000 - 0x00007ffe9ca69000 	C:\WINDOWS\SYSTEM32\WSOCK32.dll
0x00007ffe9d7e0000 - 0x00007ffe9d802000 	C:\WINDOWS\SYSTEM32\WINMM.dll
0x00007ffeadfc0000 - 0x00007ffeadfc7000 	C:\WINDOWS\system32\PSAPI.DLL
0x00007ffeae6d0000 - 0x00007ffeae72a000 	C:\WINDOWS\system32\WS2_32.dll
0x00007ffe9d5d0000 - 0x00007ffe9d5fa000 	C:\WINDOWS\SYSTEM32\WINMMBASE.dll
0x00007ffeb0640000 - 0x00007ffeb0649000 	C:\WINDOWS\system32\NSI.dll
0x00007ffeadd50000 - 0x00007ffeadd9f000 	C:\WINDOWS\SYSTEM32\cfgmgr32.dll
0x00007ffeac660000 - 0x00007ffeac688000 	C:\WINDOWS\SYSTEM32\DEVOBJ.dll
0x000000006b640000 - 0x000000006b64f000 	F:\Program Files\Java\jre1.8.0_31\bin\verify.dll
0x000000006b610000 - 0x000000006b638000 	F:\Program Files\Java\jre1.8.0_31\bin\java.dll
0x000000006b5f0000 - 0x000000006b606000 	F:\Program Files\Java\jre1.8.0_31\bin\zip.dll
0x00007ffe9fbe0000 - 0x00007ffe9fd6a000 	C:\WINDOWS\SYSTEM32\dbghelp.dll

VM Arguments:
jvm_args: -Xmx1024M -Xss1m -Djava.ext.dirs=C:\Users\Sean\AppData\Local\Android\sdk\build-tools\21.1.2\lib 
java_command: C:\Users\Sean\AppData\Local\Android\sdk\build-tools\21.1.2\lib\dx.jar --dex --no-optimize --output F:\Users\Sean\AndroidStudioProjects\P1ststasny\app\build\intermediates\dex\debug --input-list F:\Users\Sean\AndroidStudioProjects\P1ststasny\app\build\intermediates\tmp\dex\debug\inputList.txt
java_class_path (initial): C:\Users\Sean\AppData\Local\Android\sdk\build-tools\21.1.2\lib\dx.jar
Launcher Type: SUN_STANDARD

Environment Variables:
PATH=C:\ProgramData\Oracle\Java\javapath;C:\Program Files (x86)\iis express\PHP\v5.3;C:\WINDOWS\system32;C:\WINDOWS;C:\WINDOWS\System32\Wbem;C:\WINDOWS\System32\WindowsPowerShell\v1.0\;C:\Program Files (x86)\ATI Technologies\ATI.ACE\Core-Static;C:\Program Files\Microsoft\Web Platform Installer\;
USERNAME=Sean
OS=Windows_NT
PROCESSOR_IDENTIFIER=Intel64 Family 6 Model 15 Stepping 11, GenuineIntel



---------------  S Y S T E M  ---------------

OS: Windows 8.1 , 64 bit Build 9600 

CPU:total 2 (2 cores per cpu, 1 threads per core) family 6 model 15 stepping 11, cmov, cx8, fxsr, mmx, sse, sse2, sse3, ssse3, tsc

Memory: 4k page, physical 3144228k(322136k free), swap 5276116k(994380k free)

vm_info: Java HotSpot(TM) 64-Bit Server VM (25.31-b07) for windows-amd64 JRE (1.8.0_31-b13), built on Dec 17 2014 21:00:28 by "java_re" with MS VC++ 10.0 (VS2010)

time: Fri Feb 06 17:24:25 2015
elapsed time: 0 seconds (0d 0h 0m 0s)

